#
# A fatal error has been detected by the Java Runtime Environment:
#
#  SIGSEGV (0xb) at pc=0x00000001044461b0, pid=64299, tid=19203
#
# JRE version: Java(TM) SE Runtime Environment (8.0_66-b17) (build 1.8.0_66-b17)
# Java VM: Java HotSpot(TM) 64-Bit Server VM (25.66-b17 mixed mode bsd-amd64 compressed oops)
# Problematic frame:
# V  [libjvm.dylib+0x4461b0]
#
# Failed to write core dump. Core dumps have been disabled. To enable core dumping, try "ulimit -c unlimited" before starting Java again
#
# If you would like to submit a bug report, please visit:
#   http://bugreport.java.com/bugreport/crash.jsp
#

---------------  T H R E A D  ---------------

Current thread (0x00007fc714001000):  JavaThread "JDWP Transport Listener: dt_socket" daemon [_thread_in_vm, id=19203, stack(0x0000700000f47000,0x0000700001047000)]

siginfo: si_signo: 11 (SIGSEGV), si_code: 0 (unknown), si_addr: 0x0000000000000000

Registers:
RAX=0x0000000000000001, RBX=0x0000700001046a8b, RCX=0x0000000104814310, RDX=0x0000700001046a8b
RSP=0x00007000010469d0, RBP=0x00007000010469e0, RSI=0x00007fc714001000, RDI=0x0004000000000000
R8 =0x0000000000000001, R9 =0x0000000000000000, R10=0x0000000000000002, R11=0x00007fc715200000
R12=0x00007fc714001000, R13=0x0004000000000000, R14=0x0004000000000000, R15=0x00007fc7126004d0
RIP=0x00000001044461b0, EFLAGS=0x0000000000010206, ERR=0x0000000000000000
  TRAPNO=0x000000000000000d

Top of Stack: (sp=0x00007000010469d0)
0x00007000010469d0:   0000700001046a8b 0000700001046a8b
0x00007000010469e0:   0000700001046a40 00000001043552be
0x00007000010469f0:   00007fc714001000 0000000000000000
0x0000700001046a00:   0000000000000000 0000000000000000
0x0000700001046a10:   00007fc714001000 00007fc714001000
0x0000700001046a20:   0000700001046a8b 0000700001046a90
0x0000700001046a30:   0004000000000000 0000000000000007
0x0000700001046a40:   0000700001046a60 0000000102f8a780
0x0000700001046a50:   0000000000000001 0000700001046b08
0x0000700001046a60:   0000700001046ad0 0000000102f6f1f3
0x0000700001046a70:   0000700001046aa0 00007fc715226220
0x0000700001046a80:   0000000800000032 0000000a00046b08
0x0000700001046a90:   0000000000000000 0000000000000000
0x0000700001046aa0:   0000000000000000 0000700001046c90
0x0000700001046ab0:   0000000102f91e7a 00007fc712549240
0x0000700001046ac0:   0000700001046b08 0000000102f9d598
0x0000700001046ad0:   0000700001046ae0 0000000102f6f2ec
0x0000700001046ae0:   0000700001046d00 0000000102f78898
0x0000700001046af0:   00004fe100000013 00000000000f0200
0x0000700001046b00:   00007fc71251d8e0 00007fc715262e9f
0x0000700001046b10:   00007fc7000001f9 00007fc715246940
0x0000700001046b20:   000000000000012c 0000700001046b58
0x0000700001046b30:   00007fc715246940 0000000000000000
0x0000700001046b40:   00004fe10000000f 00007fff00008c80
0x0000700001046b50:   0000700001046b58 c77f000008000000
0x0000700001046b60:   0600000048005212 00003e74696e693c
0x0000700001046b70:   0000005629280300 7f00000100000000
0x0000700001046b80:   00000008262615c7 7274654d64646109
0x0000700001046b90:   4c28330000006369 6e616c2f6176616a
0x0000700001046ba0:   676e697274532f67 2f786176616a4c3b
0x0000700001046bb0:   656d6567616e616d 6e6165424d2f746e
0x0000700001046bc0:   293b726576726553 0000000000000056 

Instructions: (pc=0x00000001044461b0)
0x0000000104446190:   40 48 48 85 c0 75 e0 30 c0 0f b6 c0 5d c3 31 c0
0x00000001044461a0:   5d c3 55 48 89 e5 53 48 83 ec 08 48 85 ff 74 24
0x00000001044461b0:   48 8b 1f 48 85 db 74 1c 48 83 fb 37 74 16 48 8b
0x00000001044461c0:   03 48 89 df ff 50 10 84 c0 b8 00 00 00 00 48 0f 

Register to memory mapping:

RAX=0x0000000000000001 is an unknown value
RBX=0x0000700001046a8b is pointing into the stack for thread: 0x00007fc714001000
RCX=0x0000000104814310: UseMembar+0 in /Library/Java/JavaVirtualMachines/jdk1.8.0_66.jdk/Contents/Home/jre/lib/server/libjvm.dylib at 0x0000000104000000
RDX=0x0000700001046a8b is pointing into the stack for thread: 0x00007fc714001000
RSP=0x00007000010469d0 is pointing into the stack for thread: 0x00007fc714001000
RBP=0x00007000010469e0 is pointing into the stack for thread: 0x00007fc714001000
RSI=0x00007fc714001000 is a thread
RDI=0x0004000000000000 is an unknown value
R8 =0x0000000000000001 is an unknown value
R9 =0x0000000000000000 is an unknown value
R10=0x0000000000000002 is an unknown value
R11=0x00007fc715200000 is an unknown value
R12=0x00007fc714001000 is a thread
R13=0x0004000000000000 is an unknown value
R14=0x0004000000000000 is an unknown value
R15=0x00007fc7126004d0 is an unknown value


Stack: [0x0000700000f47000,0x0000700001047000],  sp=0x00007000010469d0,  free space=1022k
Native frames: (J=compiled Java code, j=interpreted, Vv=VM code, C=native code)
V  [libjvm.dylib+0x4461b0]
V  [libjvm.dylib+0x3552be]
C  [libjdwp.dylib+0x20780]  isMethodSynthetic+0x63
C  [libjdwp.dylib+0x51f3]  methods1+0x10b
C  [libjdwp.dylib+0x52ec]  methodsWithGeneric+0xe
C  [libjdwp.dylib+0xe898]  debugLoop_run+0x1ce
C  [libjdwp.dylib+0x1f6ba]  attachThread+0x4d
V  [libjvm.dylib+0x39661c]
V  [libjvm.dylib+0x560b83]
V  [libjvm.dylib+0x56227e]
V  [libjvm.dylib+0x482cd6]
C  [libsystem_pthread.dylib+0x399d]  _pthread_body+0x83
C  [libsystem_pthread.dylib+0x391a]  _pthread_body+0x0
C  [libsystem_pthread.dylib+0x1351]  thread_start+0xd
C  0x0000000000000000


---------------  P R O C E S S  ---------------

Java Threads: ( => current thread )
  0x00007fc71601c000 JavaThread "Service Thread" daemon [_thread_blocked, id=22787, stack(0x000070000165c000,0x000070000175c000)]
  0x00007fc71607c800 JavaThread "C1 CompilerThread3" daemon [_thread_blocked, id=22275, stack(0x0000700001559000,0x0000700001659000)]
  0x00007fc716073800 JavaThread "C2 CompilerThread2" daemon [_thread_blocked, id=21763, stack(0x0000700001456000,0x0000700001556000)]
  0x00007fc716810000 JavaThread "C2 CompilerThread1" daemon [_thread_blocked, id=21251, stack(0x0000700001353000,0x0000700001453000)]
  0x00007fc712853800 JavaThread "C2 CompilerThread0" daemon [_thread_blocked, id=20739, stack(0x0000700001250000,0x0000700001350000)]
  0x00007fc716008800 JavaThread "JDWP Command Reader" daemon [_thread_in_native, id=20227, stack(0x000070000114d000,0x000070000124d000)]
  0x00007fc714021800 JavaThread "JDWP Event Helper Thread" daemon [_thread_blocked, id=19715, stack(0x000070000104a000,0x000070000114a000)]
=>0x00007fc714001000 JavaThread "JDWP Transport Listener: dt_socket" daemon [_thread_in_vm, id=19203, stack(0x0000700000f47000,0x0000700001047000)]
  0x00007fc71300a800 JavaThread "Signal Dispatcher" daemon [_thread_blocked, id=15887, stack(0x0000700000e44000,0x0000700000f44000)]
  0x00007fc715807000 JavaThread "Finalizer" daemon [_thread_blocked, id=14339, stack(0x0000700000c3b000,0x0000700000d3b000)]
  0x00007fc715806800 JavaThread "Reference Handler" daemon [_thread_blocked, id=13827, stack(0x0000700000b38000,0x0000700000c38000)]
  0x00007fc71280e000 JavaThread "main" [_thread_blocked, id=5891, stack(0x000070000011a000,0x000070000021a000)]

Other Threads:
  0x00007fc715804000 VMThread [stack: 0x0000700000a35000,0x0000700000b35000] [id=13315]
  0x00007fc7160ca000 WatcherThread [stack: 0x000070000175f000,0x000070000185f000] [id=23299]

VM state:not at safepoint (normal execution)

VM Mutex/Monitor currently owned by a thread: None

Heap:
 PSYoungGen      total 153088K, used 126375K [0x0000000715580000, 0x0000000720000000, 0x00000007c0000000)
  eden space 131584K, 96% used [0x0000000715580000,0x000000071d0e9c08,0x000000071d600000)
  from space 21504K, 0% used [0x000000071eb00000,0x000000071eb00000,0x0000000720000000)
  to   space 21504K, 0% used [0x000000071d600000,0x000000071d600000,0x000000071eb00000)
 ParOldGen       total 349696K, used 0K [0x00000005c0000000, 0x00000005d5580000, 0x0000000715580000)
  object space 349696K, 0% used [0x00000005c0000000,0x00000005c0000000,0x00000005d5580000)
 Metaspace       used 12065K, capacity 12372K, committed 12672K, reserved 1060864K
  class space    used 1494K, capacity 1582K, committed 1664K, reserved 1048576K

Card table byte_map: [0x0000000114377000,0x0000000115378000] byte_map_base: 0x0000000111577000

Marking Bits: (ParMarkBitMap*) 0x00000001048dde20
 Begin Bits: [0x0000000115e23000, 0x000000011de23000)
 End Bits:   [0x000000011de23000, 0x0000000125e23000)

Polling page: 0x0000000102f69000

CodeCache: size=245760Kb used=4824Kb max_used=4824Kb free=240935Kb
 bounds [0x0000000104fb7000, 0x0000000105487000, 0x0000000113fb7000]
 total_blobs=1545 nmethods=1224 adapters=243
 compilation: enabled

Compilation events (10 events):
Event: 1.057 Thread 0x00007fc712853800 nmethod 1219 0x0000000105468590 code [0x0000000105468700, 0x0000000105468978]
Event: 1.057 Thread 0x00007fc716073800 nmethod 1124 0x0000000105468bd0 code [0x0000000105468f80, 0x000000010546dd38]
Event: 1.061 Thread 0x00007fc716810000 1222       4       javassist.bytecode.stackmap.TypeData::make (26 bytes)
Event: 1.061 Thread 0x00007fc71607c800 1223       3       javassist.compiler.Token::<init> (10 bytes)
Event: 1.061 Thread 0x00007fc71607c800 nmethod 1223 0x000000010545b510 code [0x000000010545b680, 0x000000010545b850]
Event: 1.062 Thread 0x00007fc712853800 1224       4       javassist.bytecode.stackmap.TypeData$TypeVar::getName (27 bytes)
Event: 1.062 Thread 0x00007fc716810000 nmethod 1222 0x000000010545b110 code [0x000000010545b280, 0x000000010545b458]
Event: 1.063 Thread 0x00007fc71607c800 1225   !   3       javassist.expr.ExprEditor::loopBody (512 bytes)
Event: 1.063 Thread 0x00007fc712853800 nmethod 1224 0x000000010545ab90 code [0x000000010545ad00, 0x000000010545aed8]
Event: 1.065 Thread 0x00007fc71607c800 nmethod 1225 0x0000000105471f50 code [0x0000000105472420, 0x00000001054760d8]

GC Heap History (0 events):
No events

Deoptimization events (9 events):
Event: 0.283 Thread 0x00007fc71280e000 Uncommon trap: reason=unstable_if action=reinterpret pc=0x000000010519c984 method=org.powermock.core.WildcardMatcher.matches(Ljava/lang/String;Ljava/lang/String;)Z @ 130
Event: 0.433 Thread 0x00007fc71280e000 Uncommon trap: reason=unstable_if action=reinterpret pc=0x000000010518d224 method=sun.misc.MetaIndex.mayContain(Ljava/lang/String;)Z @ 38
Event: 0.495 Thread 0x00007fc71280e000 Uncommon trap: reason=unstable_if action=reinterpret pc=0x0000000105202528 method=java.util.HashMap.getNode(ILjava/lang/Object;)Ljava/util/HashMap$Node; @ 84
Event: 0.499 Thread 0x00007fc71280e000 Uncommon trap: reason=unstable_if action=reinterpret pc=0x00000001051be580 method=java.util.HashMap.getNode(ILjava/lang/Object;)Ljava/util/HashMap$Node; @ 84
Event: 0.510 Thread 0x00007fc71280e000 Uncommon trap: reason=unstable_if action=reinterpret pc=0x000000010517ce20 method=java.lang.CharacterData.of(I)Ljava/lang/CharacterData; @ 4
Event: 0.553 Thread 0x00007fc71280e000 Uncommon trap: reason=unloaded action=reinterpret pc=0x0000000105280650 method=javassist.bytecode.ConstPool.readOne(Ljava/io/DataInputStream;)I @ 300
Event: 0.684 Thread 0x00007fc71280e000 Uncommon trap: reason=unstable_if action=reinterpret pc=0x000000010529d258 method=javassist.bytecode.LongVector.elementAt(I)Ljavassist/bytecode/ConstInfo; @ 9
Event: 0.881 Thread 0x00007fc71280e000 Uncommon trap: reason=unstable_if action=reinterpret pc=0x00000001052ccf04 method=java.io.BufferedInputStream.read([BII)I @ 56
Event: 0.882 Thread 0x00007fc71280e000 Uncommon trap: reason=unstable_if action=reinterpret pc=0x0000000105158828 method=java.lang.String.indexOf([CII[CIII)I @ 3

Internal exceptions (9 events):
Event: 0.039 Thread 0x00007fc71280e000 Exception <a 'java/lang/NoSuchMethodError': Method sun.misc.Unsafe.defineClass(Ljava/lang/String;[BII)Ljava/lang/Class; name or signature does not match> (0x0000000715592f10) thrown at [/HUDSON3/workspace/8-2-build-macosx-x86_64/jdk8u66/4988/hotspot/src/s
Event: 0.039 Thread 0x00007fc71280e000 Exception <a 'java/lang/NoSuchMethodError': Method sun.misc.Unsafe.prefetchRead(Ljava/lang/Object;J)V name or signature does not match> (0x00000007155931f8) thrown at [/HUDSON3/workspace/8-2-build-macosx-x86_64/jdk8u66/4988/hotspot/src/share/vm/prims/jni.
Event: 0.145 Thread 0x00007fc71280e000 Exception <a 'java/io/FileNotFoundException'> (0x00000007157fa970) thrown at [/HUDSON3/workspace/8-2-build-macosx-x86_64/jdk8u66/4988/hotspot/src/share/vm/prims/jni.cpp, line 709]
Event: 0.153 Thread 0x00007fc71280e000 Exception <a 'java/security/PrivilegedActionException'> (0x0000000716000488) thrown at [/HUDSON3/workspace/8-2-build-macosx-x86_64/jdk8u66/4988/hotspot/src/share/vm/prims/jvm.cpp, line 1386]
Event: 0.153 Thread 0x00007fc71280e000 Exception <a 'java/security/PrivilegedActionException'> (0x0000000716000698) thrown at [/HUDSON3/workspace/8-2-build-macosx-x86_64/jdk8u66/4988/hotspot/src/share/vm/prims/jvm.cpp, line 1386]
Event: 0.153 Thread 0x00007fc71280e000 Exception <a 'java/security/PrivilegedActionException'> (0x0000000716003938) thrown at [/HUDSON3/workspace/8-2-build-macosx-x86_64/jdk8u66/4988/hotspot/src/share/vm/prims/jvm.cpp, line 1386]
Event: 0.153 Thread 0x00007fc71280e000 Exception <a 'java/security/PrivilegedActionException'> (0x0000000716003b48) thrown at [/HUDSON3/workspace/8-2-build-macosx-x86_64/jdk8u66/4988/hotspot/src/share/vm/prims/jvm.cpp, line 1386]
Event: 0.347 Thread 0x00007fc71280e000 Exception <a 'java/lang/NoSuchFieldError': method resolution failed> (0x0000000716e80140) thrown at [/HUDSON3/workspace/8-2-build-macosx-x86_64/jdk8u66/4988/hotspot/src/share/vm/prims/methodHandles.cpp, line 1146]
Event: 0.349 Thread 0x00007fc71280e000 Exception <a 'java/lang/NoSuchFieldError': method resolution failed> (0x0000000716e8e0d0) thrown at [/HUDSON3/workspace/8-2-build-macosx-x86_64/jdk8u66/4988/hotspot/src/share/vm/prims/methodHandles.cpp, line 1146]

Events (10 events):
Event: 6293.542 Executing VM operation: ChangeBreakpoints
Event: 6293.542 Executing VM operation: ChangeBreakpoints done
Event: 6293.543 Thread 0x00007fc714001000 DEOPT PACKING pc=0x00000001051597ec sp=0x0000700001045540
Event: 6293.543 Thread 0x00007fc714001000 DEOPT UNPACKING pc=0x0000000104ffe633 sp=0x0000700001045298 mode 1
Event: 6293.543 Executing VM operation: RedefineClasses
Event: 6293.549 Executing VM operation: RedefineClasses done
Event: 6293.549 Thread 0x00007fc714001000 DEOPT PACKING pc=0x00000001051597ec sp=0x0000700001045540
Event: 6293.549 Thread 0x00007fc714001000 DEOPT UNPACKING pc=0x0000000104ffe633 sp=0x0000700001045298 mode 1
Event: 6293.550 Executing VM operation: GetOrSetLocal
Event: 6293.550 Executing VM operation: GetOrSetLocal done


Dynamic libraries:
0x00000000033d6000 	/System/Library/Frameworks/Cocoa.framework/Versions/A/Cocoa
0x00000000033d6000 	/System/Library/Frameworks/Security.framework/Versions/A/Security
0x00000000033d6000 	/System/Library/Frameworks/ApplicationServices.framework/Versions/A/ApplicationServices
0x00000000033d6000 	/usr/lib/libz.1.dylib
0x00000000033d6000 	/usr/lib/libSystem.B.dylib
0x00000000033d6000 	/usr/lib/libobjc.A.dylib
0x00000000033d6000 	/System/Library/Frameworks/CoreFoundation.framework/Versions/A/CoreFoundation
0x00000000033d6000 	/System/Library/Frameworks/Foundation.framework/Versions/C/Foundation
0x00000000033d6000 	/System/Library/Frameworks/AppKit.framework/Versions/C/AppKit
0x00000000033d6000 	/System/Library/Frameworks/CoreData.framework/Versions/A/CoreData
0x00000000033d6000 	/System/Library/PrivateFrameworks/RemoteViewServices.framework/Versions/A/RemoteViewServices
0x00000000033d6000 	/System/Library/PrivateFrameworks/UIFoundation.framework/Versions/A/UIFoundation
0x00000000033d6000 	/usr/lib/libScreenReader.dylib
0x00000000033d6000 	/System/Library/Frameworks/Accelerate.framework/Versions/A/Accelerate
0x00000000033d6000 	/System/Library/Frameworks/IOSurface.framework/Versions/A/IOSurface
0x00000000033d6000 	/System/Library/Frameworks/AudioToolbox.framework/Versions/A/AudioToolbox
0x00000000033d6000 	/System/Library/Frameworks/AudioUnit.framework/Versions/A/AudioUnit
0x00000000033d6000 	/System/Library/PrivateFrameworks/DataDetectorsCore.framework/Versions/A/DataDetectorsCore
0x00000000033d6000 	/System/Library/PrivateFrameworks/DesktopServicesPriv.framework/Versions/A/DesktopServicesPriv
0x00000000033d6000 	/System/Library/Frameworks/Carbon.framework/Versions/A/Frameworks/HIToolbox.framework/Versions/A/HIToolbox
0x00000000033d6000 	/System/Library/Frameworks/QuartzCore.framework/Versions/A/QuartzCore
0x00000000033d6000 	/System/Library/Frameworks/Carbon.framework/Versions/A/Frameworks/SpeechRecognition.framework/Versions/A/SpeechRecognition
0x00000000033d6000 	/usr/lib/libauto.dylib
0x00000000033d6000 	/usr/lib/libicucore.A.dylib
0x00000000033d6000 	/usr/lib/libxml2.2.dylib
0x00000000033d6000 	/System/Library/PrivateFrameworks/CoreUI.framework/Versions/A/CoreUI
0x00000000033d6000 	/System/Library/Frameworks/CoreAudio.framework/Versions/A/CoreAudio
0x00000000033d6000 	/System/Library/Frameworks/DiskArbitration.framework/Versions/A/DiskArbitration
0x00000000033d6000 	/usr/lib/liblangid.dylib
0x00000000033d6000 	/System/Library/PrivateFrameworks/MultitouchSupport.framework/Versions/A/MultitouchSupport
0x00000000033d6000 	/System/Library/Frameworks/IOKit.framework/Versions/A/IOKit
0x00000000033d6000 	/usr/lib/libDiagnosticMessagesClient.dylib
0x00000000033d6000 	/System/Library/Frameworks/CoreServices.framework/Versions/A/CoreServices
0x00000000033d6000 	/System/Library/PrivateFrameworks/PerformanceAnalysis.framework/Versions/A/PerformanceAnalysis
0x00000000033d6000 	/System/Library/PrivateFrameworks/GenerationalStorage.framework/Versions/A/GenerationalStorage
0x00000000033d6000 	/System/Library/Frameworks/OpenGL.framework/Versions/A/OpenGL
0x00000000033d6000 	/System/Library/PrivateFrameworks/Sharing.framework/Versions/A/Sharing
0x00000000033d6000 	/System/Library/Frameworks/CoreGraphics.framework/Versions/A/CoreGraphics
0x00000000033d6000 	/System/Library/Frameworks/CoreImage.framework/Versions/A/CoreImage
0x00000000033d6000 	/System/Library/Frameworks/CoreText.framework/Versions/A/CoreText
0x00000000033d6000 	/System/Library/Frameworks/ImageIO.framework/Versions/A/ImageIO
0x00000000033d6000 	/System/Library/PrivateFrameworks/Backup.framework/Versions/A/Backup
0x00000000033d6000 	/usr/lib/libextension.dylib
0x00000000033d6000 	/usr/lib/libarchive.2.dylib
0x00000000033d6000 	/System/Library/Frameworks/CFNetwork.framework/Versions/A/CFNetwork
0x00000000033d6000 	/System/Library/Frameworks/SystemConfiguration.framework/Versions/A/SystemConfiguration
0x00000000033d6000 	/usr/lib/libCRFSuite.dylib
0x00000000033d6000 	/usr/lib/libc++.1.dylib
0x00000000033d6000 	/usr/lib/libc++abi.dylib
0x00000000033d6000 	/usr/lib/system/libcache.dylib
0x00000000033d6000 	/usr/lib/system/libcommonCrypto.dylib
0x00000000033d6000 	/usr/lib/system/libcompiler_rt.dylib
0x00000000033d6000 	/usr/lib/system/libcopyfile.dylib
0x00000000033d6000 	/usr/lib/system/libcorecrypto.dylib
0x00000000033d6000 	/usr/lib/system/libdispatch.dylib
0x00000000033d6000 	/usr/lib/system/libdyld.dylib
0x00000000033d6000 	/usr/lib/system/libkeymgr.dylib
0x00000000033d6000 	/usr/lib/system/liblaunch.dylib
0x00000000033d6000 	/usr/lib/system/libmacho.dylib
0x00000000033d6000 	/usr/lib/system/libquarantine.dylib
0x00000000033d6000 	/usr/lib/system/libremovefile.dylib
0x00000000033d6000 	/usr/lib/system/libsystem_asl.dylib
0x00000000033d6000 	/usr/lib/system/libsystem_blocks.dylib
0x00000000033d6000 	/usr/lib/system/libsystem_c.dylib
0x00000000033d6000 	/usr/lib/system/libsystem_configuration.dylib
0x00000000033d6000 	/usr/lib/system/libsystem_coreservices.dylib
0x00000000033d6000 	/usr/lib/system/libsystem_coretls.dylib
0x00000000033d6000 	/usr/lib/system/libsystem_dnssd.dylib
0x00000000033d6000 	/usr/lib/system/libsystem_info.dylib
0x00000000033d6000 	/usr/lib/system/libsystem_kernel.dylib
0x00000000033d6000 	/usr/lib/system/libsystem_m.dylib
0x00000000033d6000 	/usr/lib/system/libsystem_malloc.dylib
0x00000000033d6000 	/usr/lib/system/libsystem_network.dylib
0x00000000033d6000 	/usr/lib/system/libsystem_networkextension.dylib
0x00000000033d6000 	/usr/lib/system/libsystem_notify.dylib
0x00000000033d6000 	/usr/lib/system/libsystem_platform.dylib
0x00000000033d6000 	/usr/lib/system/libsystem_pthread.dylib
0x00000000033d6000 	/usr/lib/system/libsystem_sandbox.dylib
0x00000000033d6000 	/usr/lib/system/libsystem_secinit.dylib
0x00000000033d6000 	/usr/lib/system/libsystem_trace.dylib
0x00000000033d6000 	/usr/lib/system/libunc.dylib
0x00000000033d6000 	/usr/lib/system/libunwind.dylib
0x00000000033d6000 	/usr/lib/system/libxpc.dylib
0x00000000033d6000 	/usr/lib/libenergytrace.dylib
0x00000000033d6000 	/usr/lib/libbsm.0.dylib
0x00000000033d6000 	/usr/lib/system/libkxld.dylib
0x00000000033d6000 	/usr/lib/libxar.1.dylib
0x00000000033d6000 	/usr/lib/libsqlite3.dylib
0x00000000033d6000 	/usr/lib/libpam.2.dylib
0x00000000033d6000 	/usr/lib/libOpenScriptingUtil.dylib
0x00000000033d6000 	/usr/lib/libbz2.1.0.dylib
0x00000000033d6000 	/usr/lib/liblzma.5.dylib
0x00000000033d6000 	/System/Library/Frameworks/CoreServices.framework/Versions/A/Frameworks/FSEvents.framework/Versions/A/FSEvents
0x00000000033d6000 	/System/Library/Frameworks/CoreServices.framework/Versions/A/Frameworks/CarbonCore.framework/Versions/A/CarbonCore
0x00000000033d6000 	/System/Library/Frameworks/CoreServices.framework/Versions/A/Frameworks/Metadata.framework/Versions/A/Metadata
0x00000000033d6000 	/System/Library/Frameworks/CoreServices.framework/Versions/A/Frameworks/OSServices.framework/Versions/A/OSServices
0x00000000033d6000 	/System/Library/Frameworks/CoreServices.framework/Versions/A/Frameworks/SearchKit.framework/Versions/A/SearchKit
0x00000000033d6000 	/System/Library/Frameworks/CoreServices.framework/Versions/A/Frameworks/AE.framework/Versions/A/AE
0x00000000033d6000 	/System/Library/Frameworks/CoreServices.framework/Versions/A/Frameworks/LaunchServices.framework/Versions/A/LaunchServices
0x00000000033d6000 	/System/Library/Frameworks/CoreServices.framework/Versions/A/Frameworks/DictionaryServices.framework/Versions/A/DictionaryServices
0x00000000033d6000 	/System/Library/Frameworks/CoreServices.framework/Versions/A/Frameworks/SharedFileList.framework/Versions/A/SharedFileList
0x00000000033d6000 	/System/Library/Frameworks/NetFS.framework/Versions/A/NetFS
0x00000000033d6000 	/System/Library/PrivateFrameworks/NetAuth.framework/Versions/A/NetAuth
0x00000000033d6000 	/System/Library/PrivateFrameworks/login.framework/Versions/A/Frameworks/loginsupport.framework/Versions/A/loginsupport
0x00000000033d6000 	/System/Library/PrivateFrameworks/TCC.framework/Versions/A/TCC
0x00000000033d6000 	/usr/lib/libmecabra.dylib
0x00000000033d6000 	/System/Library/Frameworks/ApplicationServices.framework/Versions/A/Frameworks/ATS.framework/Versions/A/ATS
0x00000000033d6000 	/System/Library/Frameworks/ApplicationServices.framework/Versions/A/Frameworks/ColorSync.framework/Versions/A/ColorSync
0x00000000033d6000 	/System/Library/Frameworks/ApplicationServices.framework/Versions/A/Frameworks/HIServices.framework/Versions/A/HIServices
0x00000000033d6000 	/System/Library/Frameworks/ApplicationServices.framework/Versions/A/Frameworks/LangAnalysis.framework/Versions/A/LangAnalysis
0x00000000033d6000 	/System/Library/Frameworks/ApplicationServices.framework/Versions/A/Frameworks/PrintCore.framework/Versions/A/PrintCore
0x00000000033d6000 	/System/Library/Frameworks/ApplicationServices.framework/Versions/A/Frameworks/QD.framework/Versions/A/QD
0x00000000033d6000 	/System/Library/Frameworks/ApplicationServices.framework/Versions/A/Frameworks/SpeechSynthesis.framework/Versions/A/SpeechSynthesis
0x00000000033d6000 	/System/Library/Frameworks/Metal.framework/Versions/A/Metal
0x00000000033d6000 	/System/Library/Frameworks/Accelerate.framework/Versions/A/Frameworks/vImage.framework/Versions/A/vImage
0x00000000033d6000 	/System/Library/Frameworks/Accelerate.framework/Versions/A/Frameworks/vecLib.framework/Versions/A/vecLib
0x00000000033d6000 	/System/Library/Frameworks/Accelerate.framework/Versions/A/Frameworks/vecLib.framework/Versions/A/libvDSP.dylib
0x00000000033d6000 	/System/Library/Frameworks/Accelerate.framework/Versions/A/Frameworks/vecLib.framework/Versions/A/libvMisc.dylib
0x00000000033d6000 	/System/Library/Frameworks/Accelerate.framework/Versions/A/Frameworks/vecLib.framework/Versions/A/libLAPACK.dylib
0x00000000033d6000 	/System/Library/Frameworks/Accelerate.framework/Versions/A/Frameworks/vecLib.framework/Versions/A/libBLAS.dylib
0x00000000033d6000 	/System/Library/Frameworks/Accelerate.framework/Versions/A/Frameworks/vecLib.framework/Versions/A/libLinearAlgebra.dylib
0x00000000033d6000 	/System/Library/Frameworks/Accelerate.framework/Versions/A/Frameworks/vecLib.framework/Versions/A/libSparseBLAS.dylib
0x00000000033d6000 	/System/Library/PrivateFrameworks/GPUCompiler.framework/libmetal_timestamp.dylib
0x00000000033d6000 	/System/Library/Frameworks/OpenGL.framework/Versions/A/Libraries/libCoreFSCache.dylib
0x00000000033d6000 	/System/Library/PrivateFrameworks/IOAccelerator.framework/Versions/A/IOAccelerator
0x00000000033d6000 	/System/Library/Frameworks/ApplicationServices.framework/Versions/A/Frameworks/ATS.framework/Versions/A/Resources/libFontParser.dylib
0x00000000033d6000 	/System/Library/Frameworks/ApplicationServices.framework/Versions/A/Frameworks/ATS.framework/Versions/A/Resources/libFontRegistry.dylib
0x00000000033d6000 	/System/Library/PrivateFrameworks/AppleVPA.framework/Versions/A/AppleVPA
0x00000000033d6000 	/System/Library/PrivateFrameworks/AppleJPEG.framework/Versions/A/AppleJPEG
0x00000000033d6000 	/System/Library/Frameworks/ImageIO.framework/Versions/A/Resources/libJPEG.dylib
0x00000000033d6000 	/System/Library/Frameworks/ImageIO.framework/Versions/A/Resources/libTIFF.dylib
0x00000000033d6000 	/System/Library/Frameworks/ImageIO.framework/Versions/A/Resources/libPng.dylib
0x00000000033d6000 	/System/Library/Frameworks/ImageIO.framework/Versions/A/Resources/libGIF.dylib
0x00000000033d6000 	/System/Library/Frameworks/ImageIO.framework/Versions/A/Resources/libJP2.dylib
0x00000000033d6000 	/System/Library/Frameworks/ImageIO.framework/Versions/A/Resources/libRadiance.dylib
0x00000000033d6000 	/System/Library/Frameworks/CoreVideo.framework/Versions/A/CoreVideo
0x00000000033d6000 	/System/Library/Frameworks/OpenGL.framework/Versions/A/Libraries/libGLU.dylib
0x00000000033d6000 	/System/Library/Frameworks/OpenGL.framework/Versions/A/Libraries/libGFXShared.dylib
0x00000000033d6000 	/System/Library/Frameworks/OpenGL.framework/Versions/A/Libraries/libGL.dylib
0x00000000033d6000 	/System/Library/Frameworks/OpenGL.framework/Versions/A/Libraries/libGLImage.dylib
0x00000000033d6000 	/System/Library/Frameworks/OpenGL.framework/Versions/A/Libraries/libCVMSPluginSupport.dylib
0x00000000033d6000 	/System/Library/Frameworks/OpenGL.framework/Versions/A/Libraries/libCoreVMClient.dylib
0x00000000033d6000 	/usr/lib/libcups.2.dylib
0x00000000033d6000 	/System/Library/Frameworks/Kerberos.framework/Versions/A/Kerberos
0x00000000033d6000 	/System/Library/Frameworks/GSS.framework/Versions/A/GSS
0x00000000033d6000 	/usr/lib/libresolv.9.dylib
0x00000000033d6000 	/usr/lib/libiconv.2.dylib
0x00000000033d6000 	/System/Library/PrivateFrameworks/Heimdal.framework/Versions/A/Heimdal
0x00000000033d6000 	/usr/lib/libheimdal-asn1.dylib
0x00000000033d6000 	/System/Library/Frameworks/OpenDirectory.framework/Versions/A/OpenDirectory
0x00000000033d6000 	/System/Library/PrivateFrameworks/CommonAuth.framework/Versions/A/CommonAuth
0x00000000033d6000 	/System/Library/Frameworks/OpenDirectory.framework/Versions/A/Frameworks/CFOpenDirectory.framework/Versions/A/CFOpenDirectory
0x00000000033d6000 	/System/Library/Frameworks/SecurityFoundation.framework/Versions/A/SecurityFoundation
0x00000000033d6000 	/System/Library/PrivateFrameworks/LanguageModeling.framework/Versions/A/LanguageModeling
0x00000000033d6000 	/usr/lib/libmarisa.dylib
0x00000000033d6000 	/usr/lib/libChineseTokenizer.dylib
0x00000000033d6000 	/usr/lib/libcmph.dylib
0x00000000033d6000 	/usr/lib/libcompression.dylib
0x00000000033d6000 	/System/Library/Frameworks/ServiceManagement.framework/Versions/A/ServiceManagement
0x00000000033d6000 	/usr/lib/libxslt.1.dylib
0x00000000033d6000 	/System/Library/Frameworks/Carbon.framework/Versions/A/Frameworks/Ink.framework/Versions/A/Ink
0x00000000033d6000 	/usr/lib/libFosl_dynamic.dylib
0x00000000033d6000 	/System/Library/PrivateFrameworks/FaceCore.framework/Versions/A/FaceCore
0x00000000033d6000 	/System/Library/Frameworks/OpenCL.framework/Versions/A/OpenCL
0x00000000033d6000 	/System/Library/PrivateFrameworks/CrashReporterSupport.framework/Versions/A/CrashReporterSupport
0x00000000033d6000 	/System/Library/PrivateFrameworks/IconServices.framework/Versions/A/IconServices
0x00000000033d6000 	/System/Library/PrivateFrameworks/Apple80211.framework/Versions/A/Apple80211
0x00000000033d6000 	/System/Library/Frameworks/CoreWLAN.framework/Versions/A/CoreWLAN
0x00000000033d6000 	/System/Library/Frameworks/IOBluetooth.framework/Versions/A/IOBluetooth
0x00000000033d6000 	/System/Library/PrivateFrameworks/CoreWiFi.framework/Versions/A/CoreWiFi
0x00000000033d6000 	/System/Library/Frameworks/CoreBluetooth.framework/Versions/A/CoreBluetooth
0x00000000033d6000 	/System/Library/PrivateFrameworks/ChunkingLibrary.framework/Versions/A/ChunkingLibrary
0x00000000033d6000 	/System/Library/PrivateFrameworks/DebugSymbols.framework/Versions/A/DebugSymbols
0x00000000033d6000 	/System/Library/PrivateFrameworks/CoreSymbolication.framework/Versions/A/CoreSymbolication
0x00000000033d6000 	/System/Library/PrivateFrameworks/Symbolication.framework/Versions/A/Symbolication
0x00000000033d6000 	/System/Library/PrivateFrameworks/SpeechRecognitionCore.framework/Versions/A/SpeechRecognitionCore
0x0000000104000000 	/Library/Java/JavaVirtualMachines/jdk1.8.0_66.jdk/Contents/Home/jre/lib/server/libjvm.dylib
0x00000000033d6000 	/usr/lib/libstdc++.6.dylib
0x0000000102f26000 	/Library/Java/JavaVirtualMachines/jdk1.8.0_66.jdk/Contents/Home/jre/lib/libverify.dylib
0x0000000102f34000 	/Library/Java/JavaVirtualMachines/jdk1.8.0_66.jdk/Contents/Home/jre/lib/libjava.dylib
0x0000000102f6a000 	/Library/Java/JavaVirtualMachines/jdk1.8.0_66.jdk/Contents/Home/jre/lib/libjdwp.dylib
0x0000000102fb5000 	/Library/Java/JavaVirtualMachines/jdk1.8.0_66.jdk/Contents/Home/jre/lib/libnpt.dylib
0x0000000102fb9000 	/Library/Java/JavaVirtualMachines/jdk1.8.0_66.jdk/Contents/Home/jre/lib/libinstrument.dylib
0x0000000102fe6000 	/Library/Java/JavaVirtualMachines/jdk1.8.0_66.jdk/Contents/Home/jre/lib/libzip.dylib
0x00000001295e9000 	/System/Library/Frameworks/JavaVM.framework/Frameworks/JavaRuntimeSupport.framework/JavaRuntimeSupport
0x0000000129604000 	/System/Library/Frameworks/JavaVM.framework/Versions/A/Frameworks/JavaNativeFoundation.framework/Versions/A/JavaNativeFoundation
0x0000000102fef000 	/System/Library/Frameworks/JavaVM.framework/Versions/A/JavaVM
0x00000000033d6000 	/System/Library/Frameworks/Carbon.framework/Versions/A/Carbon
0x0000000129619000 	/System/Library/PrivateFrameworks/JavaLaunching.framework/Versions/A/JavaLaunching
0x00000000033d6000 	/System/Library/Frameworks/Carbon.framework/Versions/A/Frameworks/CommonPanels.framework/Versions/A/CommonPanels
0x00000000033d6000 	/System/Library/Frameworks/Carbon.framework/Versions/A/Frameworks/Help.framework/Versions/A/Help
0x00000000033d6000 	/System/Library/Frameworks/Carbon.framework/Versions/A/Frameworks/ImageCapture.framework/Versions/A/ImageCapture
0x00000000033d6000 	/System/Library/Frameworks/Carbon.framework/Versions/A/Frameworks/OpenScripting.framework/Versions/A/OpenScripting
0x00000000033d6000 	/System/Library/Frameworks/Carbon.framework/Versions/A/Frameworks/Print.framework/Versions/A/Print
0x00000000033d6000 	/System/Library/Frameworks/Carbon.framework/Versions/A/Frameworks/SecurityHI.framework/Versions/A/SecurityHI
0x000000012af37000 	/Library/Java/JavaVirtualMachines/jdk1.8.0_66.jdk/Contents/Home/jre/lib/libdt_socket.dylib
0x000000012b355000 	/Library/Java/JavaVirtualMachines/jdk1.8.0_66.jdk/Contents/Home/jre/lib/libnio.dylib
0x000000012b365000 	/Library/Java/JavaVirtualMachines/jdk1.8.0_66.jdk/Contents/Home/jre/lib/./libnet.dylib

VM Arguments:
jvm_args: -agentlib:jdwp=transport=dt_socket,address=127.0.0.1:52446,suspend=y,server=n -ea -Didea.test.cyclic.buffer.size=1048576 -javaagent:/Users/pivotal/Library/Caches/IntelliJIdea2017.1/groovyHotSwap/gragent.jar -Dfile.encoding=UTF-8 
java_command: com.intellij.rt.execution.junit.JUnitStarter -ideVersion5 io.pivotal.platformMonitoring.kpiValidator.ValidatorTest,itExitsWithZeroIfNoMissingKPIs
java_class_path (initial): /Applications/IntelliJ IDEA.app/Contents/lib/idea_rt.jar:/Applications/IntelliJ IDEA.app/Contents/plugins/junit/lib/junit-rt.jar:/Library/Java/JavaVirtualMachines/jdk1.8.0_66.jdk/Contents/Home/jre/lib/charsets.jar:/Library/Java/JavaVirtualMachines/jdk1.8.0_66.jdk/Contents/Home/jre/lib/deploy.jar:/Library/Java/JavaVirtualMachines/jdk1.8.0_66.jdk/Contents/Home/jre/lib/ext/cldrdata.jar:/Library/Java/JavaVirtualMachines/jdk1.8.0_66.jdk/Contents/Home/jre/lib/ext/dnsns.jar:/Library/Java/JavaVirtualMachines/jdk1.8.0_66.jdk/Contents/Home/jre/lib/ext/jaccess.jar:/Library/Java/JavaVirtualMachines/jdk1.8.0_66.jdk/Contents/Home/jre/lib/ext/jfxrt.jar:/Library/Java/JavaVirtualMachines/jdk1.8.0_66.jdk/Contents/Home/jre/lib/ext/localedata.jar:/Library/Java/JavaVirtualMachines/jdk1.8.0_66.jdk/Contents/Home/jre/lib/ext/nashorn.jar:/Library/Java/JavaVirtualMachines/jdk1.8.0_66.jdk/Contents/Home/jre/lib/ext/sunec.jar:/Library/Java/JavaVirtualMachines/jdk1.8.0_66.jdk/Contents/Home/jre/lib/ext/sunjce_provider.jar:/Library/Java/JavaVirtualMachines/jdk1.8.0_66.jdk/Contents/Home/jre/lib/ext/sunpkcs11.jar:/Library/Java/JavaVirtualMachines/jdk1.8.0_66.jdk/Contents/Home/jre/lib/ext/zipfs.jar:/Library/Java/JavaVirtualMachines/jdk1.8.0_66.jdk/Contents/Home/jre/lib/javaws.jar:/Library/Java/JavaVirtualMachines/jdk1.8.0_66.jdk/Contents/Home/jre/lib/jce.jar:/Library/Java/JavaVirtualMachines/jdk1.8.0_66.jdk/Contents/Home/jre/lib/jfr.jar:/Library/Java/JavaVirtualMachines/jdk1.8.0_66.jdk/Contents/Home/jre/lib/jfxswt.jar:/Library/Java/JavaVirtualMachines/jdk1.8.0_66.jdk/Contents/Home/jre/lib/jsse.jar:/Library/Java/JavaVirtualMachines/jdk1.8.0_66.jdk/Contents/Home/jre/lib/management-agent.jar:/Library/Java/JavaVirtualMachines/jdk1.8.0_66.jdk/Contents/Home/jre/lib/plugin.jar:/Library/Java/JavaVirtualMachines/jdk1.8.0_66.jdk/Contents/Home/jre/lib/resources.jar:/Library/Java/JavaVirtualMachines/jdk1.8.0_66.jdk/Contents/Home/jre/lib/rt.jar:/Library/Java/JavaVirtualMachines/jdk1.8
Launcher Type: SUN_STANDARD

Environment Variables:
JAVA_HOME=/Library/Java/JavaVirtualMachines/jdk1.8.0_66.jdk/Contents/Home
PATH=/Users/pivotal/.rbenv/shims:/Users/pivotal/.rbenv/bin:/usr/local/bin:/usr/bin:/bin:/usr/sbin:/sbin:/opt/X11/bin:/usr/local/go/bin:/usr/local/ec2/ec2-api-tools-1.7.5.1/bin:/Users/pivotal/bin
SHELL=/bin/bash
DISPLAY=/private/tmp/com.apple.launchd.zvvnQzaomK/org.macosforge.xquartz:0

Signal Handlers:
SIGSEGV: [libjvm.dylib+0x5a65d5], sa_mask[0]=11111111011111110111111111111111, sa_flags=SA_ONSTACK|SA_RESTART|SA_SIGINFO
SIGBUS: [libjvm.dylib+0x5a65d5], sa_mask[0]=11111111011111110111111111111111, sa_flags=SA_RESTART|SA_SIGINFO
SIGFPE: [libjvm.dylib+0x4802e8], sa_mask[0]=11111111011111110111111111111111, sa_flags=SA_RESTART|SA_SIGINFO
SIGPIPE: [libjvm.dylib+0x4802e8], sa_mask[0]=11111111011111110111111111111111, sa_flags=SA_RESTART|SA_SIGINFO
SIGXFSZ: [libjvm.dylib+0x4802e8], sa_mask[0]=11111111011111110111111111111111, sa_flags=SA_RESTART|SA_SIGINFO
SIGILL: [libjvm.dylib+0x4802e8], sa_mask[0]=11111111011111110111111111111111, sa_flags=SA_RESTART|SA_SIGINFO
SIGUSR1: SIG_DFL, sa_mask[0]=00000000000000000000000000000000, sa_flags=none
SIGUSR2: [libjvm.dylib+0x47fe06], sa_mask[0]=00100000000000000000000000000000, sa_flags=SA_RESTART|SA_SIGINFO
SIGHUP: [libjvm.dylib+0x47e3dd], sa_mask[0]=11111111011111110111111111111111, sa_flags=SA_RESTART|SA_SIGINFO
SIGINT: [libjvm.dylib+0x47e3dd], sa_mask[0]=11111111011111110111111111111111, sa_flags=SA_RESTART|SA_SIGINFO
SIGTERM: [libjvm.dylib+0x47e3dd], sa_mask[0]=11111111011111110111111111111111, sa_flags=SA_RESTART|SA_SIGINFO
SIGQUIT: [libjvm.dylib+0x47e3dd], sa_mask[0]=11111111011111110111111111111111, sa_flags=SA_RESTART|SA_SIGINFO


---------------  S Y S T E M  ---------------

OS:Bsduname:Darwin 15.4.0 Darwin Kernel Version 15.4.0: Fri Feb 26 22:08:05 PST 2016; root:xnu-3248.40.184~3/RELEASE_X86_64 x86_64
rlimit: STACK 8192k, CORE 0k, NPROC 709, NOFILE 10240, AS infinity
load average:3.33 3.74 3.67

CPU:total 8 (4 cores per cpu, 2 threads per core) family 6 model 94 stepping 3, cmov, cx8, fxsr, mmx, sse, sse2, sse3, ssse3, sse4.1, sse4.2, popcnt, avx, avx2, aes, clmul, erms, rtm, 3dnowpref, lzcnt, ht, tsc, tscinvbit, bmi1, bmi2, adx

Memory: 4k page, physical 33554432k(2348640k free)

/proc/meminfo:


vm_info: Java HotSpot(TM) 64-Bit Server VM (25.66-b17) for bsd-amd64 JRE (1.8.0_66-b17), built on Oct  6 2015 16:09:13 by "java_re" with gcc 4.2.1 (Based on Apple Inc. build 5658) (LLVM build 2336.11.00)

time: Tue Mar 28 13:51:55 2017
elapsed time: 6293 seconds (0d 1h 44m 53s)

