#
# A fatal error has been detected by the Java Runtime Environment:
#
#  SIGSEGV (0xb) at pc=0x0000000102e461b0, pid=64295, tid=19203
#
# JRE version: Java(TM) SE Runtime Environment (8.0_66-b17) (build 1.8.0_66-b17)
# Java VM: Java HotSpot(TM) 64-Bit Server VM (25.66-b17 mixed mode bsd-amd64 compressed oops)
# Problematic frame:
# V  [libjvm.dylib+0x4461b0]
#
# Failed to write core dump. Core dumps have been disabled. To enable core dumping, try "ulimit -c unlimited" before starting Java again
#
# If you would like to submit a bug report, please visit:
#   http://bugreport.java.com/bugreport/crash.jsp
#

---------------  T H R E A D  ---------------

Current thread (0x00007ff623804800):  JavaThread "JDWP Transport Listener: dt_socket" daemon [_thread_in_vm, id=19203, stack(0x0000700000f47000,0x0000700001047000)]

siginfo: si_signo: 11 (SIGSEGV), si_code: 0 (unknown), si_addr: 0x0000000000000000

Registers:
RAX=0x0000000000000001, RBX=0x0000700001046a8b, RCX=0x0000000103214310, RDX=0x0000700001046a8b
RSP=0x00007000010469d0, RBP=0x00007000010469e0, RSI=0x00007ff623804800, RDI=0x000407ff6224702d
R8 =0x0000000000000001, R9 =0x00007ff62243b1d0, R10=0x00000000f20690f3, R11=0x00007ff622400000
R12=0x00007ff623804800, R13=0x000407ff6224702d, R14=0x000407ff6224702d, R15=0x00007ff625001920
RIP=0x0000000102e461b0, EFLAGS=0x0000000000010206, ERR=0x0000000000000000
  TRAPNO=0x000000000000000d

Top of Stack: (sp=0x00007000010469d0)
0x00007000010469d0:   0000700001046a8b 0000700001046a8b
0x00007000010469e0:   0000700001046a40 0000000102d552be
0x00007000010469f0:   00007ff623804800 0000000000000000
0x0000700001046a00:   0000000000000000 0000000000000000
0x0000700001046a10:   00007ff623804800 00007ff623804800
0x0000700001046a20:   0000700001046a8b 0000700001046a90
0x0000700001046a30:   000407ff6224702d 0000000000000007
0x0000700001046a40:   0000700001046a60 00000001019a7780
0x0000700001046a50:   0000000000000001 0000700001046b08
0x0000700001046a60:   0000700001046ad0 000000010198c1f3
0x0000700001046a70:   0000700001046aa0 00007ff62245f500
0x0000700001046a80:   0000000800000032 0000000100046b08
0x0000700001046a90:   0000000000000000 0000000000000000
0x0000700001046aa0:   0000000000000000 0000700001046c90
0x0000700001046ab0:   00000001019aee7a 00007ff622470df0
0x0000700001046ac0:   0000700001046b08 00000001019ba598
0x0000700001046ad0:   0000700001046ae0 000000010198c2ec
0x0000700001046ae0:   0000700001046d00 0000000101995898
0x0000700001046af0:   000051c700000013 00000000000f0200
0x0000700001046b00:   00007ff62246f240 00007ff622433b3c
0x0000700001046b10:   00007ff6000001cc 00007ff622470270
0x0000700001046b20:   000000000000012c 0000700001046b58
0x0000700001046b30:   00007ff622470270 0000000000000000
0x0000700001046b40:   000051c70000000f 00007fff00008c80
0x0000700001046b50:   0000700001046b58 f67f000008000000
0x0000700001046b60:   09000000f0020525 697274654d646461
0x0000700001046b70:   6a4c283300000063 676e616c2f617661
0x0000700001046b80:   3b676e697274532f 6d2f786176616a4c
0x0000700001046b90:   6e656d6567616e61 536e6165424d2f74
0x0000700001046ba0:   56293b7265767265 0a00000000000000
0x0000700001046bb0:   50be0025f67f0000 5574657305000000
0x0000700001046bc0:   5629280300000070 0100000000000000 

Instructions: (pc=0x0000000102e461b0)
0x0000000102e46190:   40 48 48 85 c0 75 e0 30 c0 0f b6 c0 5d c3 31 c0
0x0000000102e461a0:   5d c3 55 48 89 e5 53 48 83 ec 08 48 85 ff 74 24
0x0000000102e461b0:   48 8b 1f 48 85 db 74 1c 48 83 fb 37 74 16 48 8b
0x0000000102e461c0:   03 48 89 df ff 50 10 84 c0 b8 00 00 00 00 48 0f 

Register to memory mapping:

RAX=0x0000000000000001 is an unknown value
RBX=0x0000700001046a8b is pointing into the stack for thread: 0x00007ff623804800
RCX=0x0000000103214310: UseMembar+0 in /Library/Java/JavaVirtualMachines/jdk1.8.0_66.jdk/Contents/Home/jre/lib/server/libjvm.dylib at 0x0000000102a00000
RDX=0x0000700001046a8b is pointing into the stack for thread: 0x00007ff623804800
RSP=0x00007000010469d0 is pointing into the stack for thread: 0x00007ff623804800
RBP=0x00007000010469e0 is pointing into the stack for thread: 0x00007ff623804800
RSI=0x00007ff623804800 is a thread
RDI=0x000407ff6224702d is an unknown value
R8 =0x0000000000000001 is an unknown value
R9 =0x00007ff62243b1d0 is an unknown value
R10=0x00000000f20690f3 is an unknown value
R11=0x00007ff622400000 is an unknown value
R12=0x00007ff623804800 is a thread
R13=0x000407ff6224702d is an unknown value
R14=0x000407ff6224702d is an unknown value
R15=0x00007ff625001920 is an unknown value


Stack: [0x0000700000f47000,0x0000700001047000],  sp=0x00007000010469d0,  free space=1022k
Native frames: (J=compiled Java code, j=interpreted, Vv=VM code, C=native code)
V  [libjvm.dylib+0x4461b0]
V  [libjvm.dylib+0x3552be]
C  [libjdwp.dylib+0x20780]  isMethodSynthetic+0x63
C  [libjdwp.dylib+0x51f3]  methods1+0x10b
C  [libjdwp.dylib+0x52ec]  methodsWithGeneric+0xe
C  [libjdwp.dylib+0xe898]  debugLoop_run+0x1ce
C  [libjdwp.dylib+0x1f6ba]  attachThread+0x4d
V  [libjvm.dylib+0x39661c]
V  [libjvm.dylib+0x560b83]
V  [libjvm.dylib+0x56227e]
V  [libjvm.dylib+0x482cd6]
C  [libsystem_pthread.dylib+0x399d]  _pthread_body+0x83
C  [libsystem_pthread.dylib+0x391a]  _pthread_body+0x0
C  [libsystem_pthread.dylib+0x1351]  thread_start+0xd
C  0x0000000000000000


---------------  P R O C E S S  ---------------

Java Threads: ( => current thread )
  0x00007ff624805800 JavaThread "Service Thread" daemon [_thread_blocked, id=22787, stack(0x000070000165c000,0x000070000175c000)]
  0x00007ff622896800 JavaThread "C1 CompilerThread3" daemon [_thread_blocked, id=22275, stack(0x0000700001559000,0x0000700001659000)]
  0x00007ff6258ec000 JavaThread "C2 CompilerThread2" daemon [_thread_blocked, id=21763, stack(0x0000700001456000,0x0000700001556000)]
  0x00007ff622895800 JavaThread "C2 CompilerThread1" daemon [_thread_blocked, id=21251, stack(0x0000700001353000,0x0000700001453000)]
  0x00007ff6258eb000 JavaThread "C2 CompilerThread0" daemon [_thread_blocked, id=20739, stack(0x0000700001250000,0x0000700001350000)]
  0x00007ff623802000 JavaThread "JDWP Command Reader" daemon [_thread_in_native, id=20227, stack(0x000070000114d000,0x000070000124d000)]
  0x00007ff623801000 JavaThread "JDWP Event Helper Thread" daemon [_thread_blocked, id=19715, stack(0x000070000104a000,0x000070000114a000)]
=>0x00007ff623804800 JavaThread "JDWP Transport Listener: dt_socket" daemon [_thread_in_vm, id=19203, stack(0x0000700000f47000,0x0000700001047000)]
  0x00007ff623006800 JavaThread "Signal Dispatcher" daemon [_thread_blocked, id=15887, stack(0x0000700000e44000,0x0000700000f44000)]
  0x00007ff622815000 JavaThread "Finalizer" daemon [_thread_blocked, id=14339, stack(0x0000700000c3b000,0x0000700000d3b000)]
  0x00007ff622814000 JavaThread "Reference Handler" daemon [_thread_blocked, id=13827, stack(0x0000700000b38000,0x0000700000c38000)]
  0x00007ff626001800 JavaThread "main" [_thread_blocked, id=5891, stack(0x000070000011a000,0x000070000021a000)]

Other Threads:
  0x00007ff622811800 VMThread [stack: 0x0000700000a35000,0x0000700000b35000] [id=13315]
  0x00007ff624017800 WatcherThread [stack: 0x000070000175f000,0x000070000185f000] [id=23299]

VM state:not at safepoint (normal execution)

VM Mutex/Monitor currently owned by a thread: None

Heap:
 PSYoungGen      total 153088K, used 123759K [0x0000000715580000, 0x0000000720000000, 0x00000007c0000000)
  eden space 131584K, 94% used [0x0000000715580000,0x000000071ce5bf70,0x000000071d600000)
  from space 21504K, 0% used [0x000000071eb00000,0x000000071eb00000,0x0000000720000000)
  to   space 21504K, 0% used [0x000000071d600000,0x000000071d600000,0x000000071eb00000)
 ParOldGen       total 349696K, used 0K [0x00000005c0000000, 0x00000005d5580000, 0x0000000715580000)
  object space 349696K, 0% used [0x00000005c0000000,0x00000005c0000000,0x00000005d5580000)
 Metaspace       used 11914K, capacity 12148K, committed 12416K, reserved 1060864K
  class space    used 1464K, capacity 1550K, committed 1664K, reserved 1048576K

Card table byte_map: [0x0000000112d88000,0x0000000113d89000] byte_map_base: 0x000000010ff88000

Marking Bits: (ParMarkBitMap*) 0x00000001032dde20
 Begin Bits: [0x0000000114834000, 0x000000011c834000)
 End Bits:   [0x000000011c834000, 0x0000000124834000)

Polling page: 0x0000000101986000

CodeCache: size=245760Kb used=4810Kb max_used=4840Kb free=240949Kb
 bounds [0x00000001039c8000, 0x0000000103e88000, 0x00000001129c8000]
 total_blobs=1524 nmethods=1203 adapters=243
 compilation: enabled

Compilation events (10 events):
Event: 0.975 Thread 0x00007ff6258eb000 nmethod 1197 0x0000000103e6e3d0 code [0x0000000103e6e540, 0x0000000103e6e7b8]
Event: 0.979 Thread 0x00007ff622895800 1200       4       javassist.bytecode.stackmap.TypeData::make (26 bytes)
Event: 0.979 Thread 0x00007ff622896800 1201       3       javassist.compiler.Token::<init> (10 bytes)
Event: 0.979 Thread 0x00007ff622896800 nmethod 1201 0x0000000103e6dbd0 code [0x0000000103e6dd40, 0x0000000103e6df10]
Event: 0.981 Thread 0x00007ff6258eb000 1202       4       javassist.bytecode.stackmap.TypeData$TypeVar::getName (27 bytes)
Event: 0.981 Thread 0x00007ff622895800 nmethod 1200 0x0000000103e6c2d0 code [0x0000000103e6c440, 0x0000000103e6c618]
Event: 0.981 Thread 0x00007ff622896800 1203   !   3       javassist.expr.ExprEditor::loopBody (512 bytes)
Event: 0.982 Thread 0x00007ff6258eb000 nmethod 1202 0x0000000103e6bd50 code [0x0000000103e6bec0, 0x0000000103e6c098]
Event: 0.984 Thread 0x00007ff622896800 nmethod 1203 0x0000000103e70310 code [0x0000000103e707e0, 0x0000000103e74498]
Event: 0.988 Thread 0x00007ff6258ec000 nmethod 1104 0x0000000103e7d510 code [0x0000000103e7d8c0, 0x0000000103e825f8]

GC Heap History (0 events):
No events

Deoptimization events (7 events):
Event: 0.335 Thread 0x00007ff626001800 Uncommon trap: reason=unstable_if action=reinterpret pc=0x0000000103b98dc4 method=sun.misc.MetaIndex.mayContain(Ljava/lang/String;)Z @ 38
Event: 0.370 Thread 0x00007ff626001800 Uncommon trap: reason=unstable_if action=reinterpret pc=0x0000000103c1d4e8 method=java.util.HashMap.getNode(ILjava/lang/Object;)Ljava/util/HashMap$Node; @ 84
Event: 0.373 Thread 0x00007ff626001800 Uncommon trap: reason=unstable_if action=reinterpret pc=0x0000000103bd4980 method=java.util.HashMap.getNode(ILjava/lang/Object;)Ljava/util/HashMap$Node; @ 84
Event: 0.379 Thread 0x00007ff626001800 Uncommon trap: reason=unstable_if action=reinterpret pc=0x0000000103b79a20 method=java.lang.CharacterData.of(I)Ljava/lang/CharacterData; @ 4
Event: 0.393 Thread 0x00007ff626001800 Uncommon trap: reason=unloaded action=reinterpret pc=0x0000000103ca69d8 method=javassist.bytecode.ConstPool.readOne(Ljava/io/DataInputStream;)I @ 268
Event: 0.648 Thread 0x00007ff626001800 Uncommon trap: reason=unstable_if action=reinterpret pc=0x0000000103d7d3a4 method=javassist.bytecode.CodeIterator.newOffset(IIIIZ)I @ 7
Event: 0.799 Thread 0x00007ff626001800 Uncommon trap: reason=unstable_if action=reinterpret pc=0x0000000103b66ee8 method=java.lang.String.indexOf([CII[CIII)I @ 3

Internal exceptions (9 events):
Event: 0.035 Thread 0x00007ff626001800 Exception <a 'java/lang/NoSuchMethodError': Method sun.misc.Unsafe.defineClass(Ljava/lang/String;[BII)Ljava/lang/Class; name or signature does not match> (0x0000000715592f10) thrown at [/HUDSON3/workspace/8-2-build-macosx-x86_64/jdk8u66/4988/hotspot/src/s
Event: 0.035 Thread 0x00007ff626001800 Exception <a 'java/lang/NoSuchMethodError': Method sun.misc.Unsafe.prefetchRead(Ljava/lang/Object;J)V name or signature does not match> (0x00000007155931f8) thrown at [/HUDSON3/workspace/8-2-build-macosx-x86_64/jdk8u66/4988/hotspot/src/share/vm/prims/jni.
Event: 0.119 Thread 0x00007ff626001800 Exception <a 'java/io/FileNotFoundException'> (0x00000007157fa7d0) thrown at [/HUDSON3/workspace/8-2-build-macosx-x86_64/jdk8u66/4988/hotspot/src/share/vm/prims/jni.cpp, line 709]
Event: 0.125 Thread 0x00007ff626001800 Exception <a 'java/security/PrivilegedActionException'> (0x0000000716000078) thrown at [/HUDSON3/workspace/8-2-build-macosx-x86_64/jdk8u66/4988/hotspot/src/share/vm/prims/jvm.cpp, line 1386]
Event: 0.125 Thread 0x00007ff626001800 Exception <a 'java/security/PrivilegedActionException'> (0x0000000716000288) thrown at [/HUDSON3/workspace/8-2-build-macosx-x86_64/jdk8u66/4988/hotspot/src/share/vm/prims/jvm.cpp, line 1386]
Event: 0.125 Thread 0x00007ff626001800 Exception <a 'java/security/PrivilegedActionException'> (0x0000000716003528) thrown at [/HUDSON3/workspace/8-2-build-macosx-x86_64/jdk8u66/4988/hotspot/src/share/vm/prims/jvm.cpp, line 1386]
Event: 0.125 Thread 0x00007ff626001800 Exception <a 'java/security/PrivilegedActionException'> (0x0000000716003738) thrown at [/HUDSON3/workspace/8-2-build-macosx-x86_64/jdk8u66/4988/hotspot/src/share/vm/prims/jvm.cpp, line 1386]
Event: 0.283 Thread 0x00007ff626001800 Exception <a 'java/lang/NoSuchFieldError': method resolution failed> (0x0000000716d9a810) thrown at [/HUDSON3/workspace/8-2-build-macosx-x86_64/jdk8u66/4988/hotspot/src/share/vm/prims/methodHandles.cpp, line 1146]
Event: 0.284 Thread 0x00007ff626001800 Exception <a 'java/lang/NoSuchFieldError': method resolution failed> (0x0000000716da87a0) thrown at [/HUDSON3/workspace/8-2-build-macosx-x86_64/jdk8u66/4988/hotspot/src/share/vm/prims/methodHandles.cpp, line 1146]

Events (10 events):
Event: 6416.833 Executing VM operation: ChangeBreakpoints
Event: 6416.833 Executing VM operation: ChangeBreakpoints done
Event: 6416.834 Thread 0x00007ff623804800 DEOPT PACKING pc=0x0000000103b6952c sp=0x0000700001045540
Event: 6416.834 Thread 0x00007ff623804800 DEOPT UNPACKING pc=0x0000000103a0f633 sp=0x0000700001045298 mode 1
Event: 6416.835 Executing VM operation: RedefineClasses
Event: 6416.840 Executing VM operation: RedefineClasses done
Event: 6416.841 Thread 0x00007ff623804800 DEOPT PACKING pc=0x0000000103b6952c sp=0x0000700001045540
Event: 6416.841 Thread 0x00007ff623804800 DEOPT UNPACKING pc=0x0000000103a0f633 sp=0x0000700001045298 mode 1
Event: 6416.841 Executing VM operation: GetOrSetLocal
Event: 6416.841 Executing VM operation: GetOrSetLocal done


Dynamic libraries:
0x00000000033d6000 	/System/Library/Frameworks/Cocoa.framework/Versions/A/Cocoa
0x00000000033d6000 	/System/Library/Frameworks/Security.framework/Versions/A/Security
0x00000000033d6000 	/System/Library/Frameworks/ApplicationServices.framework/Versions/A/ApplicationServices
0x00000000033d6000 	/usr/lib/libz.1.dylib
0x00000000033d6000 	/usr/lib/libSystem.B.dylib
0x00000000033d6000 	/usr/lib/libobjc.A.dylib
0x00000000033d6000 	/System/Library/Frameworks/CoreFoundation.framework/Versions/A/CoreFoundation
0x00000000033d6000 	/System/Library/Frameworks/Foundation.framework/Versions/C/Foundation
0x00000000033d6000 	/System/Library/Frameworks/AppKit.framework/Versions/C/AppKit
0x00000000033d6000 	/System/Library/Frameworks/CoreData.framework/Versions/A/CoreData
0x00000000033d6000 	/System/Library/PrivateFrameworks/RemoteViewServices.framework/Versions/A/RemoteViewServices
0x00000000033d6000 	/System/Library/PrivateFrameworks/UIFoundation.framework/Versions/A/UIFoundation
0x00000000033d6000 	/usr/lib/libScreenReader.dylib
0x00000000033d6000 	/System/Library/Frameworks/Accelerate.framework/Versions/A/Accelerate
0x00000000033d6000 	/System/Library/Frameworks/IOSurface.framework/Versions/A/IOSurface
0x00000000033d6000 	/System/Library/Frameworks/AudioToolbox.framework/Versions/A/AudioToolbox
0x00000000033d6000 	/System/Library/Frameworks/AudioUnit.framework/Versions/A/AudioUnit
0x00000000033d6000 	/System/Library/PrivateFrameworks/DataDetectorsCore.framework/Versions/A/DataDetectorsCore
0x00000000033d6000 	/System/Library/PrivateFrameworks/DesktopServicesPriv.framework/Versions/A/DesktopServicesPriv
0x00000000033d6000 	/System/Library/Frameworks/Carbon.framework/Versions/A/Frameworks/HIToolbox.framework/Versions/A/HIToolbox
0x00000000033d6000 	/System/Library/Frameworks/QuartzCore.framework/Versions/A/QuartzCore
0x00000000033d6000 	/System/Library/Frameworks/Carbon.framework/Versions/A/Frameworks/SpeechRecognition.framework/Versions/A/SpeechRecognition
0x00000000033d6000 	/usr/lib/libauto.dylib
0x00000000033d6000 	/usr/lib/libicucore.A.dylib
0x00000000033d6000 	/usr/lib/libxml2.2.dylib
0x00000000033d6000 	/System/Library/PrivateFrameworks/CoreUI.framework/Versions/A/CoreUI
0x00000000033d6000 	/System/Library/Frameworks/CoreAudio.framework/Versions/A/CoreAudio
0x00000000033d6000 	/System/Library/Frameworks/DiskArbitration.framework/Versions/A/DiskArbitration
0x00000000033d6000 	/usr/lib/liblangid.dylib
0x00000000033d6000 	/System/Library/PrivateFrameworks/MultitouchSupport.framework/Versions/A/MultitouchSupport
0x00000000033d6000 	/System/Library/Frameworks/IOKit.framework/Versions/A/IOKit
0x00000000033d6000 	/usr/lib/libDiagnosticMessagesClient.dylib
0x00000000033d6000 	/System/Library/Frameworks/CoreServices.framework/Versions/A/CoreServices
0x00000000033d6000 	/System/Library/PrivateFrameworks/PerformanceAnalysis.framework/Versions/A/PerformanceAnalysis
0x00000000033d6000 	/System/Library/PrivateFrameworks/GenerationalStorage.framework/Versions/A/GenerationalStorage
0x00000000033d6000 	/System/Library/Frameworks/OpenGL.framework/Versions/A/OpenGL
0x00000000033d6000 	/System/Library/PrivateFrameworks/Sharing.framework/Versions/A/Sharing
0x00000000033d6000 	/System/Library/Frameworks/CoreGraphics.framework/Versions/A/CoreGraphics
0x00000000033d6000 	/System/Library/Frameworks/CoreImage.framework/Versions/A/CoreImage
0x00000000033d6000 	/System/Library/Frameworks/CoreText.framework/Versions/A/CoreText
0x00000000033d6000 	/System/Library/Frameworks/ImageIO.framework/Versions/A/ImageIO
0x00000000033d6000 	/System/Library/PrivateFrameworks/Backup.framework/Versions/A/Backup
0x00000000033d6000 	/usr/lib/libextension.dylib
0x00000000033d6000 	/usr/lib/libarchive.2.dylib
0x00000000033d6000 	/System/Library/Frameworks/CFNetwork.framework/Versions/A/CFNetwork
0x00000000033d6000 	/System/Library/Frameworks/SystemConfiguration.framework/Versions/A/SystemConfiguration
0x00000000033d6000 	/usr/lib/libCRFSuite.dylib
0x00000000033d6000 	/usr/lib/libc++.1.dylib
0x00000000033d6000 	/usr/lib/libc++abi.dylib
0x00000000033d6000 	/usr/lib/system/libcache.dylib
0x00000000033d6000 	/usr/lib/system/libcommonCrypto.dylib
0x00000000033d6000 	/usr/lib/system/libcompiler_rt.dylib
0x00000000033d6000 	/usr/lib/system/libcopyfile.dylib
0x00000000033d6000 	/usr/lib/system/libcorecrypto.dylib
0x00000000033d6000 	/usr/lib/system/libdispatch.dylib
0x00000000033d6000 	/usr/lib/system/libdyld.dylib
0x00000000033d6000 	/usr/lib/system/libkeymgr.dylib
0x00000000033d6000 	/usr/lib/system/liblaunch.dylib
0x00000000033d6000 	/usr/lib/system/libmacho.dylib
0x00000000033d6000 	/usr/lib/system/libquarantine.dylib
0x00000000033d6000 	/usr/lib/system/libremovefile.dylib
0x00000000033d6000 	/usr/lib/system/libsystem_asl.dylib
0x00000000033d6000 	/usr/lib/system/libsystem_blocks.dylib
0x00000000033d6000 	/usr/lib/system/libsystem_c.dylib
0x00000000033d6000 	/usr/lib/system/libsystem_configuration.dylib
0x00000000033d6000 	/usr/lib/system/libsystem_coreservices.dylib
0x00000000033d6000 	/usr/lib/system/libsystem_coretls.dylib
0x00000000033d6000 	/usr/lib/system/libsystem_dnssd.dylib
0x00000000033d6000 	/usr/lib/system/libsystem_info.dylib
0x00000000033d6000 	/usr/lib/system/libsystem_kernel.dylib
0x00000000033d6000 	/usr/lib/system/libsystem_m.dylib
0x00000000033d6000 	/usr/lib/system/libsystem_malloc.dylib
0x00000000033d6000 	/usr/lib/system/libsystem_network.dylib
0x00000000033d6000 	/usr/lib/system/libsystem_networkextension.dylib
0x00000000033d6000 	/usr/lib/system/libsystem_notify.dylib
0x00000000033d6000 	/usr/lib/system/libsystem_platform.dylib
0x00000000033d6000 	/usr/lib/system/libsystem_pthread.dylib
0x00000000033d6000 	/usr/lib/system/libsystem_sandbox.dylib
0x00000000033d6000 	/usr/lib/system/libsystem_secinit.dylib
0x00000000033d6000 	/usr/lib/system/libsystem_trace.dylib
0x00000000033d6000 	/usr/lib/system/libunc.dylib
0x00000000033d6000 	/usr/lib/system/libunwind.dylib
0x00000000033d6000 	/usr/lib/system/libxpc.dylib
0x00000000033d6000 	/usr/lib/libenergytrace.dylib
0x00000000033d6000 	/usr/lib/libbsm.0.dylib
0x00000000033d6000 	/usr/lib/system/libkxld.dylib
0x00000000033d6000 	/usr/lib/libxar.1.dylib
0x00000000033d6000 	/usr/lib/libsqlite3.dylib
0x00000000033d6000 	/usr/lib/libpam.2.dylib
0x00000000033d6000 	/usr/lib/libOpenScriptingUtil.dylib
0x00000000033d6000 	/usr/lib/libbz2.1.0.dylib
0x00000000033d6000 	/usr/lib/liblzma.5.dylib
0x00000000033d6000 	/System/Library/Frameworks/CoreServices.framework/Versions/A/Frameworks/FSEvents.framework/Versions/A/FSEvents
0x00000000033d6000 	/System/Library/Frameworks/CoreServices.framework/Versions/A/Frameworks/CarbonCore.framework/Versions/A/CarbonCore
0x00000000033d6000 	/System/Library/Frameworks/CoreServices.framework/Versions/A/Frameworks/Metadata.framework/Versions/A/Metadata
0x00000000033d6000 	/System/Library/Frameworks/CoreServices.framework/Versions/A/Frameworks/OSServices.framework/Versions/A/OSServices
0x00000000033d6000 	/System/Library/Frameworks/CoreServices.framework/Versions/A/Frameworks/SearchKit.framework/Versions/A/SearchKit
0x00000000033d6000 	/System/Library/Frameworks/CoreServices.framework/Versions/A/Frameworks/AE.framework/Versions/A/AE
0x00000000033d6000 	/System/Library/Frameworks/CoreServices.framework/Versions/A/Frameworks/LaunchServices.framework/Versions/A/LaunchServices
0x00000000033d6000 	/System/Library/Frameworks/CoreServices.framework/Versions/A/Frameworks/DictionaryServices.framework/Versions/A/DictionaryServices
0x00000000033d6000 	/System/Library/Frameworks/CoreServices.framework/Versions/A/Frameworks/SharedFileList.framework/Versions/A/SharedFileList
0x00000000033d6000 	/System/Library/Frameworks/NetFS.framework/Versions/A/NetFS
0x00000000033d6000 	/System/Library/PrivateFrameworks/NetAuth.framework/Versions/A/NetAuth
0x00000000033d6000 	/System/Library/PrivateFrameworks/login.framework/Versions/A/Frameworks/loginsupport.framework/Versions/A/loginsupport
0x00000000033d6000 	/System/Library/PrivateFrameworks/TCC.framework/Versions/A/TCC
0x00000000033d6000 	/usr/lib/libmecabra.dylib
0x00000000033d6000 	/System/Library/Frameworks/ApplicationServices.framework/Versions/A/Frameworks/ATS.framework/Versions/A/ATS
0x00000000033d6000 	/System/Library/Frameworks/ApplicationServices.framework/Versions/A/Frameworks/ColorSync.framework/Versions/A/ColorSync
0x00000000033d6000 	/System/Library/Frameworks/ApplicationServices.framework/Versions/A/Frameworks/HIServices.framework/Versions/A/HIServices
0x00000000033d6000 	/System/Library/Frameworks/ApplicationServices.framework/Versions/A/Frameworks/LangAnalysis.framework/Versions/A/LangAnalysis
0x00000000033d6000 	/System/Library/Frameworks/ApplicationServices.framework/Versions/A/Frameworks/PrintCore.framework/Versions/A/PrintCore
0x00000000033d6000 	/System/Library/Frameworks/ApplicationServices.framework/Versions/A/Frameworks/QD.framework/Versions/A/QD
0x00000000033d6000 	/System/Library/Frameworks/ApplicationServices.framework/Versions/A/Frameworks/SpeechSynthesis.framework/Versions/A/SpeechSynthesis
0x00000000033d6000 	/System/Library/Frameworks/Metal.framework/Versions/A/Metal
0x00000000033d6000 	/System/Library/Frameworks/Accelerate.framework/Versions/A/Frameworks/vImage.framework/Versions/A/vImage
0x00000000033d6000 	/System/Library/Frameworks/Accelerate.framework/Versions/A/Frameworks/vecLib.framework/Versions/A/vecLib
0x00000000033d6000 	/System/Library/Frameworks/Accelerate.framework/Versions/A/Frameworks/vecLib.framework/Versions/A/libvDSP.dylib
0x00000000033d6000 	/System/Library/Frameworks/Accelerate.framework/Versions/A/Frameworks/vecLib.framework/Versions/A/libvMisc.dylib
0x00000000033d6000 	/System/Library/Frameworks/Accelerate.framework/Versions/A/Frameworks/vecLib.framework/Versions/A/libLAPACK.dylib
0x00000000033d6000 	/System/Library/Frameworks/Accelerate.framework/Versions/A/Frameworks/vecLib.framework/Versions/A/libBLAS.dylib
0x00000000033d6000 	/System/Library/Frameworks/Accelerate.framework/Versions/A/Frameworks/vecLib.framework/Versions/A/libLinearAlgebra.dylib
0x00000000033d6000 	/System/Library/Frameworks/Accelerate.framework/Versions/A/Frameworks/vecLib.framework/Versions/A/libSparseBLAS.dylib
0x00000000033d6000 	/System/Library/PrivateFrameworks/GPUCompiler.framework/libmetal_timestamp.dylib
0x00000000033d6000 	/System/Library/Frameworks/OpenGL.framework/Versions/A/Libraries/libCoreFSCache.dylib
0x00000000033d6000 	/System/Library/PrivateFrameworks/IOAccelerator.framework/Versions/A/IOAccelerator
0x00000000033d6000 	/System/Library/Frameworks/ApplicationServices.framework/Versions/A/Frameworks/ATS.framework/Versions/A/Resources/libFontParser.dylib
0x00000000033d6000 	/System/Library/Frameworks/ApplicationServices.framework/Versions/A/Frameworks/ATS.framework/Versions/A/Resources/libFontRegistry.dylib
0x00000000033d6000 	/System/Library/PrivateFrameworks/AppleVPA.framework/Versions/A/AppleVPA
0x00000000033d6000 	/System/Library/PrivateFrameworks/AppleJPEG.framework/Versions/A/AppleJPEG
0x00000000033d6000 	/System/Library/Frameworks/ImageIO.framework/Versions/A/Resources/libJPEG.dylib
0x00000000033d6000 	/System/Library/Frameworks/ImageIO.framework/Versions/A/Resources/libTIFF.dylib
0x00000000033d6000 	/System/Library/Frameworks/ImageIO.framework/Versions/A/Resources/libPng.dylib
0x00000000033d6000 	/System/Library/Frameworks/ImageIO.framework/Versions/A/Resources/libGIF.dylib
0x00000000033d6000 	/System/Library/Frameworks/ImageIO.framework/Versions/A/Resources/libJP2.dylib
0x00000000033d6000 	/System/Library/Frameworks/ImageIO.framework/Versions/A/Resources/libRadiance.dylib
0x00000000033d6000 	/System/Library/Frameworks/CoreVideo.framework/Versions/A/CoreVideo
0x00000000033d6000 	/System/Library/Frameworks/OpenGL.framework/Versions/A/Libraries/libGLU.dylib
0x00000000033d6000 	/System/Library/Frameworks/OpenGL.framework/Versions/A/Libraries/libGFXShared.dylib
0x00000000033d6000 	/System/Library/Frameworks/OpenGL.framework/Versions/A/Libraries/libGL.dylib
0x00000000033d6000 	/System/Library/Frameworks/OpenGL.framework/Versions/A/Libraries/libGLImage.dylib
0x00000000033d6000 	/System/Library/Frameworks/OpenGL.framework/Versions/A/Libraries/libCVMSPluginSupport.dylib
0x00000000033d6000 	/System/Library/Frameworks/OpenGL.framework/Versions/A/Libraries/libCoreVMClient.dylib
0x00000000033d6000 	/usr/lib/libcups.2.dylib
0x00000000033d6000 	/System/Library/Frameworks/Kerberos.framework/Versions/A/Kerberos
0x00000000033d6000 	/System/Library/Frameworks/GSS.framework/Versions/A/GSS
0x00000000033d6000 	/usr/lib/libresolv.9.dylib
0x00000000033d6000 	/usr/lib/libiconv.2.dylib
0x00000000033d6000 	/System/Library/PrivateFrameworks/Heimdal.framework/Versions/A/Heimdal
0x00000000033d6000 	/usr/lib/libheimdal-asn1.dylib
0x00000000033d6000 	/System/Library/Frameworks/OpenDirectory.framework/Versions/A/OpenDirectory
0x00000000033d6000 	/System/Library/PrivateFrameworks/CommonAuth.framework/Versions/A/CommonAuth
0x00000000033d6000 	/System/Library/Frameworks/OpenDirectory.framework/Versions/A/Frameworks/CFOpenDirectory.framework/Versions/A/CFOpenDirectory
0x00000000033d6000 	/System/Library/Frameworks/SecurityFoundation.framework/Versions/A/SecurityFoundation
0x00000000033d6000 	/System/Library/PrivateFrameworks/LanguageModeling.framework/Versions/A/LanguageModeling
0x00000000033d6000 	/usr/lib/libmarisa.dylib
0x00000000033d6000 	/usr/lib/libChineseTokenizer.dylib
0x00000000033d6000 	/usr/lib/libcmph.dylib
0x00000000033d6000 	/usr/lib/libcompression.dylib
0x00000000033d6000 	/System/Library/Frameworks/ServiceManagement.framework/Versions/A/ServiceManagement
0x00000000033d6000 	/usr/lib/libxslt.1.dylib
0x00000000033d6000 	/System/Library/Frameworks/Carbon.framework/Versions/A/Frameworks/Ink.framework/Versions/A/Ink
0x00000000033d6000 	/usr/lib/libFosl_dynamic.dylib
0x00000000033d6000 	/System/Library/PrivateFrameworks/FaceCore.framework/Versions/A/FaceCore
0x00000000033d6000 	/System/Library/Frameworks/OpenCL.framework/Versions/A/OpenCL
0x00000000033d6000 	/System/Library/PrivateFrameworks/CrashReporterSupport.framework/Versions/A/CrashReporterSupport
0x00000000033d6000 	/System/Library/PrivateFrameworks/IconServices.framework/Versions/A/IconServices
0x00000000033d6000 	/System/Library/PrivateFrameworks/Apple80211.framework/Versions/A/Apple80211
0x00000000033d6000 	/System/Library/Frameworks/CoreWLAN.framework/Versions/A/CoreWLAN
0x00000000033d6000 	/System/Library/Frameworks/IOBluetooth.framework/Versions/A/IOBluetooth
0x00000000033d6000 	/System/Library/PrivateFrameworks/CoreWiFi.framework/Versions/A/CoreWiFi
0x00000000033d6000 	/System/Library/Frameworks/CoreBluetooth.framework/Versions/A/CoreBluetooth
0x00000000033d6000 	/System/Library/PrivateFrameworks/ChunkingLibrary.framework/Versions/A/ChunkingLibrary
0x00000000033d6000 	/System/Library/PrivateFrameworks/DebugSymbols.framework/Versions/A/DebugSymbols
0x00000000033d6000 	/System/Library/PrivateFrameworks/CoreSymbolication.framework/Versions/A/CoreSymbolication
0x00000000033d6000 	/System/Library/PrivateFrameworks/Symbolication.framework/Versions/A/Symbolication
0x00000000033d6000 	/System/Library/PrivateFrameworks/SpeechRecognitionCore.framework/Versions/A/SpeechRecognitionCore
0x0000000102a00000 	/Library/Java/JavaVirtualMachines/jdk1.8.0_66.jdk/Contents/Home/jre/lib/server/libjvm.dylib
0x00000000033d6000 	/usr/lib/libstdc++.6.dylib
0x0000000101943000 	/Library/Java/JavaVirtualMachines/jdk1.8.0_66.jdk/Contents/Home/jre/lib/libverify.dylib
0x0000000101951000 	/Library/Java/JavaVirtualMachines/jdk1.8.0_66.jdk/Contents/Home/jre/lib/libjava.dylib
0x0000000101987000 	/Library/Java/JavaVirtualMachines/jdk1.8.0_66.jdk/Contents/Home/jre/lib/libjdwp.dylib
0x00000001019d2000 	/Library/Java/JavaVirtualMachines/jdk1.8.0_66.jdk/Contents/Home/jre/lib/libnpt.dylib
0x00000001019d6000 	/Library/Java/JavaVirtualMachines/jdk1.8.0_66.jdk/Contents/Home/jre/lib/libinstrument.dylib
0x00000001039bf000 	/Library/Java/JavaVirtualMachines/jdk1.8.0_66.jdk/Contents/Home/jre/lib/libzip.dylib
0x0000000127ffa000 	/System/Library/Frameworks/JavaVM.framework/Frameworks/JavaRuntimeSupport.framework/JavaRuntimeSupport
0x0000000128015000 	/System/Library/Frameworks/JavaVM.framework/Versions/A/Frameworks/JavaNativeFoundation.framework/Versions/A/JavaNativeFoundation
0x000000012802a000 	/System/Library/Frameworks/JavaVM.framework/Versions/A/JavaVM
0x00000000033d6000 	/System/Library/Frameworks/Carbon.framework/Versions/A/Carbon
0x0000000128037000 	/System/Library/PrivateFrameworks/JavaLaunching.framework/Versions/A/JavaLaunching
0x00000000033d6000 	/System/Library/Frameworks/Carbon.framework/Versions/A/Frameworks/CommonPanels.framework/Versions/A/CommonPanels
0x00000000033d6000 	/System/Library/Frameworks/Carbon.framework/Versions/A/Frameworks/Help.framework/Versions/A/Help
0x00000000033d6000 	/System/Library/Frameworks/Carbon.framework/Versions/A/Frameworks/ImageCapture.framework/Versions/A/ImageCapture
0x00000000033d6000 	/System/Library/Frameworks/Carbon.framework/Versions/A/Frameworks/OpenScripting.framework/Versions/A/OpenScripting
0x00000000033d6000 	/System/Library/Frameworks/Carbon.framework/Versions/A/Frameworks/Print.framework/Versions/A/Print
0x00000000033d6000 	/System/Library/Frameworks/Carbon.framework/Versions/A/Frameworks/SecurityHI.framework/Versions/A/SecurityHI
0x0000000129955000 	/Library/Java/JavaVirtualMachines/jdk1.8.0_66.jdk/Contents/Home/jre/lib/libdt_socket.dylib
0x0000000129c72000 	/Library/Java/JavaVirtualMachines/jdk1.8.0_66.jdk/Contents/Home/jre/lib/libnio.dylib
0x0000000129c82000 	/Library/Java/JavaVirtualMachines/jdk1.8.0_66.jdk/Contents/Home/jre/lib/./libnet.dylib

VM Arguments:
jvm_args: -agentlib:jdwp=transport=dt_socket,address=127.0.0.1:52442,suspend=y,server=n -ea -Didea.test.cyclic.buffer.size=1048576 -javaagent:/Users/pivotal/Library/Caches/IntelliJIdea2017.1/groovyHotSwap/gragent.jar -Dfile.encoding=UTF-8 
java_command: com.intellij.rt.execution.junit.JUnitStarter -ideVersion5 io.pivotal.platformMonitoring.kpiValidator.ValidatorTest
java_class_path (initial): /Applications/IntelliJ IDEA.app/Contents/lib/idea_rt.jar:/Applications/IntelliJ IDEA.app/Contents/plugins/junit/lib/junit-rt.jar:/Library/Java/JavaVirtualMachines/jdk1.8.0_66.jdk/Contents/Home/jre/lib/charsets.jar:/Library/Java/JavaVirtualMachines/jdk1.8.0_66.jdk/Contents/Home/jre/lib/deploy.jar:/Library/Java/JavaVirtualMachines/jdk1.8.0_66.jdk/Contents/Home/jre/lib/ext/cldrdata.jar:/Library/Java/JavaVirtualMachines/jdk1.8.0_66.jdk/Contents/Home/jre/lib/ext/dnsns.jar:/Library/Java/JavaVirtualMachines/jdk1.8.0_66.jdk/Contents/Home/jre/lib/ext/jaccess.jar:/Library/Java/JavaVirtualMachines/jdk1.8.0_66.jdk/Contents/Home/jre/lib/ext/jfxrt.jar:/Library/Java/JavaVirtualMachines/jdk1.8.0_66.jdk/Contents/Home/jre/lib/ext/localedata.jar:/Library/Java/JavaVirtualMachines/jdk1.8.0_66.jdk/Contents/Home/jre/lib/ext/nashorn.jar:/Library/Java/JavaVirtualMachines/jdk1.8.0_66.jdk/Contents/Home/jre/lib/ext/sunec.jar:/Library/Java/JavaVirtualMachines/jdk1.8.0_66.jdk/Contents/Home/jre/lib/ext/sunjce_provider.jar:/Library/Java/JavaVirtualMachines/jdk1.8.0_66.jdk/Contents/Home/jre/lib/ext/sunpkcs11.jar:/Library/Java/JavaVirtualMachines/jdk1.8.0_66.jdk/Contents/Home/jre/lib/ext/zipfs.jar:/Library/Java/JavaVirtualMachines/jdk1.8.0_66.jdk/Contents/Home/jre/lib/javaws.jar:/Library/Java/JavaVirtualMachines/jdk1.8.0_66.jdk/Contents/Home/jre/lib/jce.jar:/Library/Java/JavaVirtualMachines/jdk1.8.0_66.jdk/Contents/Home/jre/lib/jfr.jar:/Library/Java/JavaVirtualMachines/jdk1.8.0_66.jdk/Contents/Home/jre/lib/jfxswt.jar:/Library/Java/JavaVirtualMachines/jdk1.8.0_66.jdk/Contents/Home/jre/lib/jsse.jar:/Library/Java/JavaVirtualMachines/jdk1.8.0_66.jdk/Contents/Home/jre/lib/management-agent.jar:/Library/Java/JavaVirtualMachines/jdk1.8.0_66.jdk/Contents/Home/jre/lib/plugin.jar:/Library/Java/JavaVirtualMachines/jdk1.8.0_66.jdk/Contents/Home/jre/lib/resources.jar:/Library/Java/JavaVirtualMachines/jdk1.8.0_66.jdk/Contents/Home/jre/lib/rt.jar:/Library/Java/JavaVirtualMachines/jdk1.8
Launcher Type: SUN_STANDARD

Environment Variables:
JAVA_HOME=/Library/Java/JavaVirtualMachines/jdk1.8.0_66.jdk/Contents/Home
PATH=/Users/pivotal/.rbenv/shims:/Users/pivotal/.rbenv/bin:/usr/local/bin:/usr/bin:/bin:/usr/sbin:/sbin:/opt/X11/bin:/usr/local/go/bin:/usr/local/ec2/ec2-api-tools-1.7.5.1/bin:/Users/pivotal/bin
SHELL=/bin/bash
DISPLAY=/private/tmp/com.apple.launchd.zvvnQzaomK/org.macosforge.xquartz:0

Signal Handlers:
SIGSEGV: [libjvm.dylib+0x5a65d5], sa_mask[0]=11111111011111110111111111111111, sa_flags=SA_ONSTACK|SA_RESTART|SA_SIGINFO
SIGBUS: [libjvm.dylib+0x5a65d5], sa_mask[0]=11111111011111110111111111111111, sa_flags=SA_RESTART|SA_SIGINFO
SIGFPE: [libjvm.dylib+0x4802e8], sa_mask[0]=11111111011111110111111111111111, sa_flags=SA_RESTART|SA_SIGINFO
SIGPIPE: [libjvm.dylib+0x4802e8], sa_mask[0]=11111111011111110111111111111111, sa_flags=SA_RESTART|SA_SIGINFO
SIGXFSZ: [libjvm.dylib+0x4802e8], sa_mask[0]=11111111011111110111111111111111, sa_flags=SA_RESTART|SA_SIGINFO
SIGILL: [libjvm.dylib+0x4802e8], sa_mask[0]=11111111011111110111111111111111, sa_flags=SA_RESTART|SA_SIGINFO
SIGUSR1: SIG_DFL, sa_mask[0]=00000000000000000000000000000000, sa_flags=none
SIGUSR2: [libjvm.dylib+0x47fe06], sa_mask[0]=00100000000000000000000000000000, sa_flags=SA_RESTART|SA_SIGINFO
SIGHUP: [libjvm.dylib+0x47e3dd], sa_mask[0]=11111111011111110111111111111111, sa_flags=SA_RESTART|SA_SIGINFO
SIGINT: [libjvm.dylib+0x47e3dd], sa_mask[0]=11111111011111110111111111111111, sa_flags=SA_RESTART|SA_SIGINFO
SIGTERM: [libjvm.dylib+0x47e3dd], sa_mask[0]=11111111011111110111111111111111, sa_flags=SA_RESTART|SA_SIGINFO
SIGQUIT: [libjvm.dylib+0x47e3dd], sa_mask[0]=11111111011111110111111111111111, sa_flags=SA_RESTART|SA_SIGINFO


---------------  S Y S T E M  ---------------

OS:Bsduname:Darwin 15.4.0 Darwin Kernel Version 15.4.0: Fri Feb 26 22:08:05 PST 2016; root:xnu-3248.40.184~3/RELEASE_X86_64 x86_64
rlimit: STACK 8192k, CORE 0k, NPROC 709, NOFILE 10240, AS infinity
load average:3.12 3.44 3.55

CPU:total 8 (4 cores per cpu, 2 threads per core) family 6 model 94 stepping 3, cmov, cx8, fxsr, mmx, sse, sse2, sse3, ssse3, sse4.1, sse4.2, popcnt, avx, avx2, aes, clmul, erms, rtm, 3dnowpref, lzcnt, ht, tsc, tscinvbit, bmi1, bmi2, adx

Memory: 4k page, physical 33554432k(2513708k free)

/proc/meminfo:


vm_info: Java HotSpot(TM) 64-Bit Server VM (25.66-b17) for bsd-amd64 JRE (1.8.0_66-b17), built on Oct  6 2015 16:09:13 by "java_re" with gcc 4.2.1 (Based on Apple Inc. build 5658) (LLVM build 2336.11.00)

time: Tue Mar 28 13:53:53 2017
elapsed time: 6416 seconds (0d 1h 46m 56s)

